<?xml version="1.0" encoding="UTF-8"?>
<!-- Generated by org.testng.reporters.JUnitReportReporter -->
<testsuite hostname="DESKTOP-40CLLRO" failures="0" tests="6" name="test.Day3" time="0.006" errors="0" timestamp="2021-04-19T11:04:47 CEST" skipped="1">
  <testcase classname="test.Day3" name="mobileLoginCarLoan" time="0.003"/>
  <system-out/>
  <testcase classname="test.Day3" name="mobileSigoutCarLoan" time="0.000"/>
  <system-out/>
  <testcase classname="test.Day3" name="mobileSigoutCarLoan" time="0.001"/>
  <system-out/>
  <testcase classname="test.Day3" name="webLoginCarLoan" time="0.001"/>
  <system-out/>
  <testcase classname="test.Day3" name="mobileSigoutCarLoan" time="0.001"/>
  <system-out/>
  <testcase classname="test.Day3" name="mobileSiginCarLoan">
    <skipped/>
  </testcase> <!-- mobileSiginCarLoan -->
  <system-out/>
</testsuite> <!-- test.Day3 -->
