<?xml version="1.0" encoding="UTF-8"?>
<!-- Generated by org.testng.reporters.JUnitReportReporter -->
<testsuite hostname="DESKTOP-40CLLRO" failures="0" tests="1" name="test.Day2" time="0.001" errors="0" timestamp="2021-04-19T11:04:47 CEST" skipped="0">
  <testcase classname="test.Day2" name="plan" time="0.001"/>
  <system-out/>
</testsuite> <!-- test.Day2 -->
